<?xml version="1.0" encoding="UTF-8"?>
<testsuite name="linkedlist.array.ArrayLinkedListTest" tests="8" skipped="0" failures="0" errors="0" timestamp="2023-05-18T00:51:46" hostname="174-222-190-190.cab.prima.net.ar" time="0.035">
  <properties/>
  <testcase name="맨 앞 + 맨 뒤 혼합 노드 삭제" classname="linkedlist.array.ArrayLinkedListTest" time="0.027"/>
  <testcase name="addFirst 테스트" classname="linkedlist.array.ArrayLinkedListTest" time="0.0"/>
  <testcase name="addLast 테스트" classname="linkedlist.array.ArrayLinkedListTest" time="0.001"/>
  <testcase name="검색" classname="linkedlist.array.ArrayLinkedListTest" time="0.0"/>
  <testcase name="addFirst+ addLast 혼합" classname="linkedlist.array.ArrayLinkedListTest" time="0.0"/>
  <testcase name="맨 앞 노드 삭제" classname="linkedlist.array.ArrayLinkedListTest" time="0.003"/>
  <testcase name="모든 노드 삭제" classname="linkedlist.array.ArrayLinkedListTest" time="0.001"/>
  <testcase name="맨 뒤 노드 삭제" classname="linkedlist.array.ArrayLinkedListTest" time="0.0"/>
  <system-out><![CDATA[]]></system-out>
  <system-err><![CDATA[]]></system-err>
</testsuite>
